<?xml version="1.0" encoding="UTF-8"?>
<!-- Generated by org.testng.reporters.JUnitReportReporter -->
<testsuite hostname="INL9WG1ZY2" failures="0" tests="1" name="Test.task1" time="81.740" errors="0" timestamp="2022-11-07T12:04:18 IST" skipped="0">
  <testcase classname="Test.task1" name="task" time="81.740"/>
  <system-out/>
</testsuite> <!-- Test.task1 -->
